[Sat Feb 11 01:24:27.156204 2017] [log_config:error] [pid 1] (21)Is a directory: AH00649: could not open transfer log file /var/log/apache2/other_vhosts_access.log.
AH00015: Unable to open logs
[Sat Feb 11 01:24:28.626443 2017] [log_config:error] [pid 1] (21)Is a directory: AH00649: could not open transfer log file /var/log/apache2/other_vhosts_access.log.
AH00015: Unable to open logs
[Sat Feb 11 01:24:30.081387 2017] [log_config:error] [pid 1] (21)Is a directory: AH00649: could not open transfer log file /var/log/apache2/other_vhosts_access.log.
AH00015: Unable to open logs
[Sat Feb 11 01:24:31.645442 2017] [log_config:error] [pid 1] (21)Is a directory: AH00649: could not open transfer log file /var/log/apache2/other_vhosts_access.log.
AH00015: Unable to open logs
[Sat Feb 11 01:24:33.419296 2017] [log_config:error] [pid 1] (21)Is a directory: AH00649: could not open transfer log file /var/log/apache2/other_vhosts_access.log.
AH00015: Unable to open logs
[Sat Feb 11 01:24:39.859349 2017] [log_config:error] [pid 1] (21)Is a directory: AH00649: could not open transfer log file /var/log/apache2/other_vhosts_access.log.
AH00015: Unable to open logs
[Sat Feb 11 01:24:44.131701 2017] [log_config:error] [pid 1] (21)Is a directory: AH00649: could not open transfer log file /var/log/apache2/other_vhosts_access.log.
AH00015: Unable to open logs
[Sat Feb 11 01:24:51.445031 2017] [log_config:error] [pid 1] (21)Is a directory: AH00649: could not open transfer log file /var/log/apache2/other_vhosts_access.log.
AH00015: Unable to open logs
AH00558: apache2: Could not reliably determine the server's fully qualified domain name, using 172.18.0.3. Set the 'ServerName' directive globally to suppress this message
[Sat Feb 11 01:26:22.356567 2017] [mpm_prefork:notice] [pid 1] AH00163: Apache/2.4.10 (Debian) PHP/5.6.30 configured -- resuming normal operations
[Sat Feb 11 01:26:22.357208 2017] [core:notice] [pid 1] AH00094: Command line: 'apache2 -D FOREGROUND'
AH00558: apache2: Could not reliably determine the server's fully qualified domain name, using 172.18.0.3. Set the 'ServerName' directive globally to suppress this message
[Sat Feb 11 22:46:55.819778 2017] [mpm_prefork:notice] [pid 1] AH00163: Apache/2.4.10 (Debian) PHP/5.6.30 configured -- resuming normal operations
[Sat Feb 11 22:46:55.821366 2017] [core:notice] [pid 1] AH00094: Command line: 'apache2 -D FOREGROUND'
AH00558: apache2: Could not reliably determine the server's fully qualified domain name, using 172.18.0.3. Set the 'ServerName' directive globally to suppress this message
[Sun Feb 12 01:19:34.850300 2017] [mpm_prefork:notice] [pid 1] AH00163: Apache/2.4.10 (Debian) PHP/5.6.30 configured -- resuming normal operations
[Sun Feb 12 01:19:34.851352 2017] [core:notice] [pid 1] AH00094: Command line: 'apache2 -D FOREGROUND'
[Sun Feb 12 06:12:22.259247 2017] [mpm_prefork:notice] [pid 1] AH00169: caught SIGTERM, shutting down
AH00558: apache2: Could not reliably determine the server's fully qualified domain name, using 172.18.0.3. Set the 'ServerName' directive globally to suppress this message
[Mon Feb 13 02:38:46.080763 2017] [mpm_prefork:notice] [pid 1] AH00163: Apache/2.4.10 (Debian) PHP/5.6.30 configured -- resuming normal operations
[Mon Feb 13 02:38:46.081407 2017] [core:notice] [pid 1] AH00094: Command line: 'apache2 -D FOREGROUND'
[Mon Feb 13 10:15:21.344355 2017] [mpm_prefork:notice] [pid 1] AH00169: caught SIGTERM, shutting down
AH00558: apache2: Could not reliably determine the server's fully qualified domain name, using 172.18.0.4. Set the 'ServerName' directive globally to suppress this message
[Mon Feb 13 18:31:27.308763 2017] [mpm_prefork:notice] [pid 1] AH00163: Apache/2.4.10 (Debian) PHP/5.6.30 configured -- resuming normal operations
[Mon Feb 13 18:31:27.309408 2017] [core:notice] [pid 1] AH00094: Command line: 'apache2 -D FOREGROUND'
[Mon Feb 13 23:57:56.743571 2017] [mpm_prefork:notice] [pid 1] AH00169: caught SIGTERM, shutting down
AH00558: apache2: Could not reliably determine the server's fully qualified domain name, using 172.18.0.4. Set the 'ServerName' directive globally to suppress this message
[Tue Feb 14 16:47:43.477524 2017] [mpm_prefork:notice] [pid 1] AH00163: Apache/2.4.10 (Debian) PHP/5.6.30 configured -- resuming normal operations
[Tue Feb 14 16:47:43.478048 2017] [core:notice] [pid 1] AH00094: Command line: 'apache2 -D FOREGROUND'
[Tue Feb 14 22:43:47.780307 2017] [mpm_prefork:notice] [pid 1] AH00169: caught SIGTERM, shutting down
AH00558: apache2: Could not reliably determine the server's fully qualified domain name, using 172.18.0.4. Set the 'ServerName' directive globally to suppress this message
[Wed Feb 15 15:03:38.609007 2017] [mpm_prefork:notice] [pid 1] AH00163: Apache/2.4.10 (Debian) PHP/5.6.30 configured -- resuming normal operations
[Wed Feb 15 15:03:38.612820 2017] [core:notice] [pid 1] AH00094: Command line: 'apache2 -D FOREGROUND'
[Mon Feb 20 02:20:23.952055 2017] [mpm_prefork:notice] [pid 1] AH00169: caught SIGTERM, shutting down
AH00558: apache2: Could not reliably determine the server's fully qualified domain name, using 172.18.0.4. Set the 'ServerName' directive globally to suppress this message
[Tue Feb 21 18:59:24.976944 2017] [mpm_prefork:notice] [pid 1] AH00163: Apache/2.4.10 (Debian) PHP/5.6.30 configured -- resuming normal operations
[Tue Feb 21 18:59:24.977649 2017] [core:notice] [pid 1] AH00094: Command line: 'apache2 -D FOREGROUND'
[Wed Mar 01 21:10:02.993278 2017] [mpm_prefork:notice] [pid 1] AH00169: caught SIGTERM, shutting down
AH00558: apache2: Could not reliably determine the server's fully qualified domain name, using 172.18.0.4. Set the 'ServerName' directive globally to suppress this message
[Wed Mar 01 21:11:20.397685 2017] [mpm_prefork:notice] [pid 1] AH00163: Apache/2.4.10 (Debian) PHP/5.6.30 configured -- resuming normal operations
[Wed Mar 01 21:11:20.398323 2017] [core:notice] [pid 1] AH00094: Command line: 'apache2 -D FOREGROUND'
[Tue Mar 07 17:54:43.849286 2017] [mpm_prefork:notice] [pid 1] AH00169: caught SIGTERM, shutting down
AH00558: apache2: Could not reliably determine the server's fully qualified domain name, using 172.18.0.4. Set the 'ServerName' directive globally to suppress this message
[Tue Mar 07 20:12:00.438121 2017] [mpm_prefork:notice] [pid 1] AH00163: Apache/2.4.10 (Debian) PHP/5.6.30 configured -- resuming normal operations
[Tue Mar 07 20:12:00.438685 2017] [core:notice] [pid 1] AH00094: Command line: 'apache2 -D FOREGROUND'
[Tue Mar 07 20:29:28.280312 2017] [mpm_prefork:notice] [pid 1] AH00169: caught SIGTERM, shutting down
AH00558: apache2: Could not reliably determine the server's fully qualified domain name, using 172.18.0.4. Set the 'ServerName' directive globally to suppress this message
[Tue Mar 07 20:29:56.174125 2017] [mpm_prefork:notice] [pid 1] AH00163: Apache/2.4.10 (Debian) PHP/5.6.30 configured -- resuming normal operations
[Tue Mar 07 20:29:56.174776 2017] [core:notice] [pid 1] AH00094: Command line: 'apache2 -D FOREGROUND'
[Wed Mar 08 00:32:45.900395 2017] [mpm_prefork:notice] [pid 1] AH00169: caught SIGTERM, shutting down
AH00558: apache2: Could not reliably determine the server's fully qualified domain name, using 172.18.0.4. Set the 'ServerName' directive globally to suppress this message
[Wed Mar 08 15:11:23.091825 2017] [mpm_prefork:notice] [pid 1] AH00163: Apache/2.4.10 (Debian) PHP/5.6.30 configured -- resuming normal operations
[Wed Mar 08 15:11:23.092450 2017] [core:notice] [pid 1] AH00094: Command line: 'apache2 -D FOREGROUND'
[Wed Mar 08 16:22:31.510240 2017] [mpm_prefork:notice] [pid 1] AH00169: caught SIGTERM, shutting down
AH00558: apache2: Could not reliably determine the server's fully qualified domain name, using 172.18.0.4. Set the 'ServerName' directive globally to suppress this message
[Mon Jul 03 15:47:06.447133 2017] [mpm_prefork:notice] [pid 1] AH00163: Apache/2.4.10 (Debian) PHP/5.6.30 configured -- resuming normal operations
[Mon Jul 03 15:47:06.447774 2017] [core:notice] [pid 1] AH00094: Command line: 'apache2 -D FOREGROUND'
[Mon Jul 03 15:49:57.133998 2017] [mpm_prefork:notice] [pid 1] AH00169: caught SIGTERM, shutting down
AH00558: apache2: Could not reliably determine the server's fully qualified domain name, using 172.18.0.4. Set the 'ServerName' directive globally to suppress this message
[Mon Jul 03 15:50:29.110690 2017] [mpm_prefork:notice] [pid 1] AH00163: Apache/2.4.10 (Debian) PHP/5.6.30 configured -- resuming normal operations
[Mon Jul 03 15:50:29.112330 2017] [core:notice] [pid 1] AH00094: Command line: 'apache2 -D FOREGROUND'
[Mon Jul 03 23:16:50.032755 2017] [mpm_prefork:notice] [pid 1] AH00169: caught SIGTERM, shutting down
AH00558: apache2: Could not reliably determine the server's fully qualified domain name, using 172.18.0.3. Set the 'ServerName' directive globally to suppress this message
[Tue Jul 04 02:27:34.313653 2017] [mpm_prefork:notice] [pid 1] AH00163: Apache/2.4.10 (Debian) PHP/5.6.30 configured -- resuming normal operations
[Tue Jul 04 02:27:34.322534 2017] [core:notice] [pid 1] AH00094: Command line: 'apache2 -D FOREGROUND'
[Tue Jul 04 03:07:56.712791 2017] [mpm_prefork:notice] [pid 1] AH00169: caught SIGTERM, shutting down
AH00558: apache2: Could not reliably determine the server's fully qualified domain name, using 172.18.0.4. Set the 'ServerName' directive globally to suppress this message
[Tue Jul 04 11:30:08.899908 2017] [mpm_prefork:notice] [pid 1] AH00163: Apache/2.4.10 (Debian) PHP/5.6.30 configured -- resuming normal operations
[Tue Jul 04 11:30:08.900958 2017] [core:notice] [pid 1] AH00094: Command line: 'apache2 -D FOREGROUND'
[Wed Jul 05 04:22:33.004106 2017] [mpm_prefork:notice] [pid 1] AH00169: caught SIGTERM, shutting down
AH00558: apache2: Could not reliably determine the server's fully qualified domain name, using 172.18.0.4. Set the 'ServerName' directive globally to suppress this message
[Wed Jul 05 13:04:18.114382 2017] [mpm_prefork:notice] [pid 1] AH00163: Apache/2.4.10 (Debian) PHP/5.6.30 configured -- resuming normal operations
[Wed Jul 05 13:04:18.125030 2017] [core:notice] [pid 1] AH00094: Command line: 'apache2 -D FOREGROUND'
[Wed Jul 05 16:02:25.933785 2017] [mpm_prefork:notice] [pid 1] AH00169: caught SIGTERM, shutting down
AH00558: apache2: Could not reliably determine the server's fully qualified domain name, using 172.18.0.4. Set the 'ServerName' directive globally to suppress this message
[Wed Jul 05 20:23:59.358532 2017] [mpm_prefork:notice] [pid 1] AH00163: Apache/2.4.10 (Debian) PHP/5.6.30 configured -- resuming normal operations
[Wed Jul 05 20:23:59.360561 2017] [core:notice] [pid 1] AH00094: Command line: 'apache2 -D FOREGROUND'
AH00558: apache2: Could not reliably determine the server's fully qualified domain name, using 172.18.0.4. Set the 'ServerName' directive globally to suppress this message
[Sun Jul 09 22:50:00.409892 2017] [mpm_prefork:notice] [pid 1] AH00163: Apache/2.4.10 (Debian) PHP/5.6.30 configured -- resuming normal operations
[Sun Jul 09 22:50:00.411511 2017] [core:notice] [pid 1] AH00094: Command line: 'apache2 -D FOREGROUND'
[Mon Jul 10 00:07:05.417825 2017] [mpm_prefork:notice] [pid 1] AH00169: caught SIGTERM, shutting down
AH00558: apache2: Could not reliably determine the server's fully qualified domain name, using 172.18.0.4. Set the 'ServerName' directive globally to suppress this message
[Mon Jul 10 01:17:26.710846 2017] [mpm_prefork:notice] [pid 1] AH00163: Apache/2.4.10 (Debian) PHP/5.6.30 configured -- resuming normal operations
[Mon Jul 10 01:17:26.712542 2017] [core:notice] [pid 1] AH00094: Command line: 'apache2 -D FOREGROUND'
[Mon Jul 10 11:23:16.606651 2017] [mpm_prefork:notice] [pid 1] AH00169: caught SIGTERM, shutting down
AH00558: apache2: Could not reliably determine the server's fully qualified domain name, using 172.18.0.4. Set the 'ServerName' directive globally to suppress this message
[Mon Jul 10 11:23:51.028138 2017] [mpm_prefork:notice] [pid 1] AH00163: Apache/2.4.10 (Debian) PHP/5.6.30 configured -- resuming normal operations
[Mon Jul 10 11:23:51.029159 2017] [core:notice] [pid 1] AH00094: Command line: 'apache2 -D FOREGROUND'
[Mon Jul 10 18:03:50.492019 2017] [mpm_prefork:notice] [pid 1] AH00169: caught SIGTERM, shutting down
AH00558: apache2: Could not reliably determine the server's fully qualified domain name, using 172.18.0.3. Set the 'ServerName' directive globally to suppress this message
[Mon Jul 10 18:04:33.671237 2017] [mpm_prefork:notice] [pid 1] AH00163: Apache/2.4.10 (Debian) PHP/5.6.30 configured -- resuming normal operations
[Mon Jul 10 18:04:33.672717 2017] [core:notice] [pid 1] AH00094: Command line: 'apache2 -D FOREGROUND'
sh: 1: -t: not found
[Tue Jul 11 02:49:41.354834 2017] [mpm_prefork:notice] [pid 1] AH00169: caught SIGTERM, shutting down
AH00558: apache2: Could not reliably determine the server's fully qualified domain name, using 172.18.0.3. Set the 'ServerName' directive globally to suppress this message
[Tue Jul 11 02:50:23.132309 2017] [mpm_prefork:notice] [pid 1] AH00163: Apache/2.4.10 (Debian) PHP/5.6.30 configured -- resuming normal operations
[Tue Jul 11 02:50:23.133044 2017] [core:notice] [pid 1] AH00094: Command line: 'apache2 -D FOREGROUND'
[Tue Jul 11 03:09:08.961132 2017] [mpm_prefork:notice] [pid 1] AH00169: caught SIGTERM, shutting down
AH00558: apache2: Could not reliably determine the server's fully qualified domain name, using 172.18.0.4. Set the 'ServerName' directive globally to suppress this message
[Tue Jul 11 10:30:06.385769 2017] [mpm_prefork:notice] [pid 1] AH00163: Apache/2.4.10 (Debian) PHP/5.6.30 configured -- resuming normal operations
[Tue Jul 11 10:30:06.388222 2017] [core:notice] [pid 1] AH00094: Command line: 'apache2 -D FOREGROUND'
AH00558: apache2: Could not reliably determine the server's fully qualified domain name, using 172.18.0.3. Set the 'ServerName' directive globally to suppress this message
[Tue Jul 11 10:30:46.597309 2017] [mpm_prefork:notice] [pid 1] AH00163: Apache/2.4.10 (Debian) PHP/5.6.30 configured -- resuming normal operations
[Tue Jul 11 10:30:46.597954 2017] [core:notice] [pid 1] AH00094: Command line: 'apache2 -D FOREGROUND'
[Tue Jul 11 12:22:58.781939 2017] [mpm_prefork:notice] [pid 1] AH00169: caught SIGTERM, shutting down
AH00558: apache2: Could not reliably determine the server's fully qualified domain name, using 172.18.0.3. Set the 'ServerName' directive globally to suppress this message
[Tue Jul 11 12:23:39.535778 2017] [mpm_prefork:notice] [pid 1] AH00163: Apache/2.4.10 (Debian) PHP/5.6.30 configured -- resuming normal operations
[Tue Jul 11 12:23:39.564216 2017] [core:notice] [pid 1] AH00094: Command line: 'apache2 -D FOREGROUND'
[Tue Jul 11 12:26:02.001969 2017] [mpm_prefork:notice] [pid 1] AH00169: caught SIGTERM, shutting down
AH00558: apache2: Could not reliably determine the server's fully qualified domain name, using 172.18.0.2. Set the 'ServerName' directive globally to suppress this message
[Tue Jul 11 13:36:31.386438 2017] [mpm_prefork:notice] [pid 1] AH00163: Apache/2.4.10 (Debian) PHP/5.6.30 configured -- resuming normal operations
[Tue Jul 11 13:36:31.386913 2017] [core:notice] [pid 1] AH00094: Command line: 'apache2 -D FOREGROUND'
[Tue Jul 11 15:49:40.085850 2017] [mpm_prefork:notice] [pid 1] AH00169: caught SIGTERM, shutting down
AH00558: apache2: Could not reliably determine the server's fully qualified domain name, using 172.18.0.4. Set the 'ServerName' directive globally to suppress this message
[Tue Jul 11 15:50:16.611977 2017] [mpm_prefork:notice] [pid 1] AH00163: Apache/2.4.10 (Debian) PHP/5.6.30 configured -- resuming normal operations
[Tue Jul 11 15:50:16.612455 2017] [core:notice] [pid 1] AH00094: Command line: 'apache2 -D FOREGROUND'
[Tue Jul 11 19:59:47.601315 2017] [mpm_prefork:notice] [pid 1] AH00169: caught SIGTERM, shutting down
AH00558: apache2: Could not reliably determine the server's fully qualified domain name, using 172.18.0.4. Set the 'ServerName' directive globally to suppress this message
[Tue Jul 11 22:30:19.828316 2017] [mpm_prefork:notice] [pid 1] AH00163: Apache/2.4.10 (Debian) PHP/5.6.30 configured -- resuming normal operations
[Tue Jul 11 22:30:19.828799 2017] [core:notice] [pid 1] AH00094: Command line: 'apache2 -D FOREGROUND'
[Wed Jul 12 00:23:30.824334 2017] [mpm_prefork:notice] [pid 1] AH00169: caught SIGTERM, shutting down
AH00558: apache2: Could not reliably determine the server's fully qualified domain name, using 172.18.0.4. Set the 'ServerName' directive globally to suppress this message
[Wed Jul 12 01:33:53.938591 2017] [mpm_prefork:notice] [pid 1] AH00163: Apache/2.4.10 (Debian) PHP/5.6.30 configured -- resuming normal operations
[Wed Jul 12 01:33:53.939294 2017] [core:notice] [pid 1] AH00094: Command line: 'apache2 -D FOREGROUND'
[Wed Jul 12 12:44:17.416064 2017] [mpm_prefork:notice] [pid 1] AH00169: caught SIGTERM, shutting down
AH00558: apache2: Could not reliably determine the server's fully qualified domain name, using 172.18.0.4. Set the 'ServerName' directive globally to suppress this message
[Wed Jul 12 12:44:53.025020 2017] [mpm_prefork:notice] [pid 1] AH00163: Apache/2.4.10 (Debian) PHP/5.6.30 configured -- resuming normal operations
[Wed Jul 12 12:44:53.025728 2017] [core:notice] [pid 1] AH00094: Command line: 'apache2 -D FOREGROUND'
[Wed Jul 12 17:25:37.649958 2017] [mpm_prefork:notice] [pid 1] AH00169: caught SIGTERM, shutting down
AH00558: apache2: Could not reliably determine the server's fully qualified domain name, using 172.18.0.4. Set the 'ServerName' directive globally to suppress this message
[Wed Jul 12 19:15:03.215551 2017] [mpm_prefork:notice] [pid 1] AH00163: Apache/2.4.10 (Debian) PHP/5.6.30 configured -- resuming normal operations
[Wed Jul 12 19:15:03.217099 2017] [core:notice] [pid 1] AH00094: Command line: 'apache2 -D FOREGROUND'
[Wed Jul 12 23:54:04.551419 2017] [mpm_prefork:notice] [pid 1] AH00169: caught SIGTERM, shutting down
AH00558: apache2: Could not reliably determine the server's fully qualified domain name, using 172.18.0.3. Set the 'ServerName' directive globally to suppress this message
[Wed Jul 12 23:54:40.893804 2017] [mpm_prefork:notice] [pid 1] AH00163: Apache/2.4.10 (Debian) PHP/5.6.30 configured -- resuming normal operations
[Wed Jul 12 23:54:40.894845 2017] [core:notice] [pid 1] AH00094: Command line: 'apache2 -D FOREGROUND'
[Thu Jul 13 00:23:43.424530 2017] [mpm_prefork:notice] [pid 1] AH00169: caught SIGTERM, shutting down
AH00558: apache2: Could not reliably determine the server's fully qualified domain name, using 172.18.0.4. Set the 'ServerName' directive globally to suppress this message
[Thu Jul 13 01:34:12.066173 2017] [mpm_prefork:notice] [pid 1] AH00163: Apache/2.4.10 (Debian) PHP/5.6.30 configured -- resuming normal operations
[Thu Jul 13 01:34:12.066797 2017] [core:notice] [pid 1] AH00094: Command line: 'apache2 -D FOREGROUND'
[Thu Jul 13 14:29:07.738712 2017] [mpm_prefork:notice] [pid 1] AH00169: caught SIGTERM, shutting down
AH00558: apache2: Could not reliably determine the server's fully qualified domain name, using 172.18.0.4. Set the 'ServerName' directive globally to suppress this message
[Thu Jul 13 14:29:45.140743 2017] [mpm_prefork:notice] [pid 1] AH00163: Apache/2.4.10 (Debian) PHP/5.6.30 configured -- resuming normal operations
[Thu Jul 13 14:29:45.142207 2017] [core:notice] [pid 1] AH00094: Command line: 'apache2 -D FOREGROUND'
[Thu Jul 13 14:32:09.867059 2017] [mpm_prefork:notice] [pid 1] AH00169: caught SIGTERM, shutting down
AH00558: apache2: Could not reliably determine the server's fully qualified domain name, using 172.18.0.4. Set the 'ServerName' directive globally to suppress this message
[Thu Jul 13 19:08:07.584783 2017] [mpm_prefork:notice] [pid 1] AH00163: Apache/2.4.10 (Debian) PHP/5.6.30 configured -- resuming normal operations
[Thu Jul 13 19:08:07.585428 2017] [core:notice] [pid 1] AH00094: Command line: 'apache2 -D FOREGROUND'
[Thu Jul 13 19:08:18.653328 2017] [mpm_prefork:notice] [pid 1] AH00169: caught SIGTERM, shutting down
AH00558: apache2: Could not reliably determine the server's fully qualified domain name, using 172.18.0.4. Set the 'ServerName' directive globally to suppress this message
[Thu Jul 13 19:08:50.982637 2017] [mpm_prefork:notice] [pid 1] AH00163: Apache/2.4.10 (Debian) PHP/5.6.30 configured -- resuming normal operations
[Thu Jul 13 19:08:50.983171 2017] [core:notice] [pid 1] AH00094: Command line: 'apache2 -D FOREGROUND'
[Thu Jul 13 20:41:40.801370 2017] [mpm_prefork:notice] [pid 1] AH00169: caught SIGTERM, shutting down
AH00558: apache2: Could not reliably determine the server's fully qualified domain name, using 172.18.0.4. Set the 'ServerName' directive globally to suppress this message
[Thu Jul 13 22:06:20.212148 2017] [mpm_prefork:notice] [pid 1] AH00163: Apache/2.4.10 (Debian) PHP/5.6.30 configured -- resuming normal operations
[Thu Jul 13 22:06:20.214176 2017] [core:notice] [pid 1] AH00094: Command line: 'apache2 -D FOREGROUND'
[Thu Jul 13 23:35:23.758735 2017] [mpm_prefork:notice] [pid 1] AH00169: caught SIGTERM, shutting down
AH00558: apache2: Could not reliably determine the server's fully qualified domain name, using 172.18.0.4. Set the 'ServerName' directive globally to suppress this message
[Thu Jul 13 23:36:24.397288 2017] [mpm_prefork:notice] [pid 1] AH00163: Apache/2.4.10 (Debian) PHP/5.6.30 configured -- resuming normal operations
[Thu Jul 13 23:36:24.397846 2017] [core:notice] [pid 1] AH00094: Command line: 'apache2 -D FOREGROUND'
[Thu Jul 13 23:50:43.547217 2017] [mpm_prefork:notice] [pid 1] AH00169: caught SIGTERM, shutting down
AH00558: apache2: Could not reliably determine the server's fully qualified domain name, using 172.18.0.4. Set the 'ServerName' directive globally to suppress this message
[Fri Jul 14 13:44:09.839801 2017] [mpm_prefork:notice] [pid 1] AH00163: Apache/2.4.10 (Debian) PHP/5.6.30 configured -- resuming normal operations
[Fri Jul 14 13:44:09.841123 2017] [core:notice] [pid 1] AH00094: Command line: 'apache2 -D FOREGROUND'
AH00558: apache2: Could not reliably determine the server's fully qualified domain name, using 172.18.0.3. Set the 'ServerName' directive globally to suppress this message
[Fri Jul 14 13:44:59.387956 2017] [mpm_prefork:notice] [pid 1] AH00163: Apache/2.4.10 (Debian) PHP/5.6.30 configured -- resuming normal operations
[Fri Jul 14 13:44:59.388630 2017] [core:notice] [pid 1] AH00094: Command line: 'apache2 -D FOREGROUND'
[Fri Jul 14 16:40:58.968020 2017] [mpm_prefork:notice] [pid 1] AH00169: caught SIGTERM, shutting down
AH00558: apache2: Could not reliably determine the server's fully qualified domain name, using 172.18.0.4. Set the 'ServerName' directive globally to suppress this message
[Fri Jul 14 19:26:14.428833 2017] [mpm_prefork:notice] [pid 1] AH00163: Apache/2.4.10 (Debian) PHP/5.6.30 configured -- resuming normal operations
[Fri Jul 14 19:26:14.429453 2017] [core:notice] [pid 1] AH00094: Command line: 'apache2 -D FOREGROUND'
[Fri Jul 14 19:26:34.034394 2017] [mpm_prefork:notice] [pid 1] AH00169: caught SIGTERM, shutting down
AH00558: apache2: Could not reliably determine the server's fully qualified domain name, using 172.18.0.4. Set the 'ServerName' directive globally to suppress this message
[Fri Jul 14 19:27:27.405069 2017] [mpm_prefork:notice] [pid 1] AH00163: Apache/2.4.10 (Debian) PHP/5.6.30 configured -- resuming normal operations
[Fri Jul 14 19:27:27.405864 2017] [core:notice] [pid 1] AH00094: Command line: 'apache2 -D FOREGROUND'
[Fri Jul 14 21:29:43.622315 2017] [mpm_prefork:notice] [pid 1] AH00169: caught SIGTERM, shutting down
AH00558: apache2: Could not reliably determine the server's fully qualified domain name, using 172.18.0.3. Set the 'ServerName' directive globally to suppress this message
[Fri Jul 14 21:30:34.991962 2017] [mpm_prefork:notice] [pid 1] AH00163: Apache/2.4.10 (Debian) PHP/5.6.30 configured -- resuming normal operations
[Fri Jul 14 21:30:34.992775 2017] [core:notice] [pid 1] AH00094: Command line: 'apache2 -D FOREGROUND'
[Fri Jul 14 22:03:48.063675 2017] [mpm_prefork:notice] [pid 1] AH00169: caught SIGTERM, shutting down
AH00558: apache2: Could not reliably determine the server's fully qualified domain name, using 172.18.0.4. Set the 'ServerName' directive globally to suppress this message
[Sat Jul 15 14:41:53.746576 2017] [mpm_prefork:notice] [pid 1] AH00163: Apache/2.4.10 (Debian) PHP/5.6.30 configured -- resuming normal operations
[Sat Jul 15 14:41:53.747353 2017] [core:notice] [pid 1] AH00094: Command line: 'apache2 -D FOREGROUND'
AH00558: apache2: Could not reliably determine the server's fully qualified domain name, using 172.18.0.3. Set the 'ServerName' directive globally to suppress this message
[Mon Jul 17 19:41:06.686718 2017] [mpm_prefork:notice] [pid 1] AH00163: Apache/2.4.10 (Debian) PHP/5.6.30 configured -- resuming normal operations
[Mon Jul 17 19:41:06.687340 2017] [core:notice] [pid 1] AH00094: Command line: 'apache2 -D FOREGROUND'
[Tue Jul 18 19:45:34.137742 2017] [mpm_prefork:notice] [pid 1] AH00169: caught SIGTERM, shutting down
AH00558: apache2: Could not reliably determine the server's fully qualified domain name, using 172.18.0.4. Set the 'ServerName' directive globally to suppress this message
[Tue Jul 18 19:47:41.347319 2017] [mpm_prefork:notice] [pid 1] AH00163: Apache/2.4.10 (Debian) PHP/5.6.30 configured -- resuming normal operations
[Tue Jul 18 19:47:41.347983 2017] [core:notice] [pid 1] AH00094: Command line: 'apache2 -D FOREGROUND'
AH00558: apache2: Could not reliably determine the server's fully qualified domain name, using 172.18.0.4. Set the 'ServerName' directive globally to suppress this message
[Tue Jul 25 20:04:52.009162 2017] [mpm_prefork:notice] [pid 1] AH00163: Apache/2.4.10 (Debian) PHP/5.6.30 configured -- resuming normal operations
[Tue Jul 25 20:04:52.009600 2017] [core:notice] [pid 1] AH00094: Command line: 'apache2 -D FOREGROUND'
AH00558: apache2: Could not reliably determine the server's fully qualified domain name, using 172.18.0.2. Set the 'ServerName' directive globally to suppress this message
[Wed Jul 26 15:24:24.535969 2017] [mpm_prefork:notice] [pid 1] AH00163: Apache/2.4.10 (Debian) PHP/5.6.30 configured -- resuming normal operations
[Wed Jul 26 15:24:24.536443 2017] [core:notice] [pid 1] AH00094: Command line: 'apache2 -D FOREGROUND'
AH00558: apache2: Could not reliably determine the server's fully qualified domain name, using 172.18.0.4. Set the 'ServerName' directive globally to suppress this message
[Thu Jul 27 12:17:15.191454 2017] [mpm_prefork:notice] [pid 1] AH00163: Apache/2.4.10 (Debian) PHP/5.6.30 configured -- resuming normal operations
[Thu Jul 27 12:17:15.192425 2017] [core:notice] [pid 1] AH00094: Command line: 'apache2 -D FOREGROUND'
[Mon Jul 31 13:08:38.251036 2017] [core:warn] [pid 1] AH00045: child process 204 still did not exit, sending a SIGTERM
[Mon Jul 31 13:08:38.520958 2017] [core:warn] [pid 1] AH00045: child process 207 still did not exit, sending a SIGTERM
[Mon Jul 31 13:08:38.550755 2017] [core:warn] [pid 1] AH00045: child process 214 still did not exit, sending a SIGTERM
[Mon Jul 31 13:08:38.563116 2017] [core:warn] [pid 1] AH00045: child process 114 still did not exit, sending a SIGTERM
[Mon Jul 31 13:08:38.602823 2017] [core:warn] [pid 1] AH00045: child process 98 still did not exit, sending a SIGTERM
[Mon Jul 31 13:08:38.605385 2017] [core:warn] [pid 1] AH00045: child process 215 still did not exit, sending a SIGTERM
[Mon Jul 31 13:08:38.643256 2017] [core:warn] [pid 1] AH00045: child process 186 still did not exit, sending a SIGTERM
[Mon Jul 31 13:08:38.653678 2017] [core:warn] [pid 1] AH00045: child process 202 still did not exit, sending a SIGTERM
[Mon Jul 31 13:08:39.689632 2017] [mpm_prefork:notice] [pid 1] AH00169: caught SIGTERM, shutting down
AH00558: apache2: Could not reliably determine the server's fully qualified domain name, using 172.18.0.3. Set the 'ServerName' directive globally to suppress this message
[Mon Jul 31 13:09:11.178020 2017] [mpm_prefork:notice] [pid 1] AH00163: Apache/2.4.10 (Debian) PHP/5.6.30 configured -- resuming normal operations
[Mon Jul 31 13:09:11.178634 2017] [core:notice] [pid 1] AH00094: Command line: 'apache2 -D FOREGROUND'
[Wed Aug 09 22:33:57.168416 2017] [mpm_prefork:notice] [pid 1] AH00169: caught SIGTERM, shutting down
AH00558: apache2: Could not reliably determine the server's fully qualified domain name, using 172.18.0.4. Set the 'ServerName' directive globally to suppress this message
[Wed Aug 09 22:35:34.504103 2017] [mpm_prefork:notice] [pid 1] AH00163: Apache/2.4.10 (Debian) PHP/5.6.30 configured -- resuming normal operations
[Wed Aug 09 22:35:34.504768 2017] [core:notice] [pid 1] AH00094: Command line: 'apache2 -D FOREGROUND'
[Tue Aug 15 12:29:13.943641 2017] [mpm_prefork:notice] [pid 1] AH00169: caught SIGTERM, shutting down
AH00558: apache2: Could not reliably determine the server's fully qualified domain name, using 172.18.0.3. Set the 'ServerName' directive globally to suppress this message
[Tue Aug 15 13:03:13.832966 2017] [mpm_prefork:notice] [pid 1] AH00163: Apache/2.4.10 (Debian) PHP/5.6.30 configured -- resuming normal operations
[Tue Aug 15 13:03:13.833472 2017] [core:notice] [pid 1] AH00094: Command line: 'apache2 -D FOREGROUND'
[Tue Aug 15 13:31:44.171118 2017] [mpm_prefork:notice] [pid 1] AH00169: caught SIGTERM, shutting down
AH00558: apache2: Could not reliably determine the server's fully qualified domain name, using 172.18.0.4. Set the 'ServerName' directive globally to suppress this message
[Tue Aug 15 13:45:36.739298 2017] [mpm_prefork:notice] [pid 1] AH00163: Apache/2.4.10 (Debian) PHP/5.6.30 configured -- resuming normal operations
[Tue Aug 15 13:45:36.739776 2017] [core:notice] [pid 1] AH00094: Command line: 'apache2 -D FOREGROUND'
AH00558: apache2: Could not reliably determine the server's fully qualified domain name, using 172.18.0.4. Set the 'ServerName' directive globally to suppress this message
[Fri Aug 25 18:50:14.430371 2017] [mpm_prefork:notice] [pid 1] AH00163: Apache/2.4.10 (Debian) PHP/5.6.30 configured -- resuming normal operations
[Fri Aug 25 18:50:14.434298 2017] [core:notice] [pid 1] AH00094: Command line: 'apache2 -D FOREGROUND'
AH00558: apache2: Could not reliably determine the server's fully qualified domain name, using 172.18.0.2. Set the 'ServerName' directive globally to suppress this message
[Sat Aug 26 20:14:56.040423 2017] [mpm_prefork:notice] [pid 1] AH00163: Apache/2.4.10 (Debian) PHP/5.6.30 configured -- resuming normal operations
[Sat Aug 26 20:14:56.040981 2017] [core:notice] [pid 1] AH00094: Command line: 'apache2 -D FOREGROUND'
[Sat Aug 26 20:36:20.239721 2017] [mpm_prefork:notice] [pid 1] AH00169: caught SIGTERM, shutting down
AH00558: apache2: Could not reliably determine the server's fully qualified domain name, using 172.18.0.3. Set the 'ServerName' directive globally to suppress this message
[Sat Aug 26 20:36:55.796621 2017] [mpm_prefork:notice] [pid 1] AH00163: Apache/2.4.10 (Debian) PHP/5.6.30 configured -- resuming normal operations
[Sat Aug 26 20:36:55.798375 2017] [core:notice] [pid 1] AH00094: Command line: 'apache2 -D FOREGROUND'
[Tue Aug 29 15:17:39.403803 2017] [mpm_prefork:notice] [pid 1] AH00169: caught SIGTERM, shutting down
AH00558: apache2: Could not reliably determine the server's fully qualified domain name, using 172.18.0.4. Set the 'ServerName' directive globally to suppress this message
[Tue Aug 29 15:19:09.018384 2017] [mpm_prefork:notice] [pid 1] AH00163: Apache/2.4.10 (Debian) PHP/5.6.30 configured -- resuming normal operations
[Tue Aug 29 15:19:09.019029 2017] [core:notice] [pid 1] AH00094: Command line: 'apache2 -D FOREGROUND'
AH00558: apache2: Could not reliably determine the server's fully qualified domain name, using 172.18.0.4. Set the 'ServerName' directive globally to suppress this message
[Sun Sep 03 18:50:30.810009 2017] [mpm_prefork:notice] [pid 1] AH00163: Apache/2.4.10 (Debian) PHP/5.6.30 configured -- resuming normal operations
[Sun Sep 03 18:50:30.810550 2017] [core:notice] [pid 1] AH00094: Command line: 'apache2 -D FOREGROUND'
[Tue Sep 05 19:35:44.795269 2017] [mpm_prefork:notice] [pid 1] AH00169: caught SIGTERM, shutting down
AH00558: apache2: Could not reliably determine the server's fully qualified domain name, using 172.18.0.3. Set the 'ServerName' directive globally to suppress this message
[Thu Sep 07 15:18:11.756052 2017] [mpm_prefork:notice] [pid 1] AH00163: Apache/2.4.10 (Debian) PHP/5.6.30 configured -- resuming normal operations
[Thu Sep 07 15:18:11.756887 2017] [core:notice] [pid 1] AH00094: Command line: 'apache2 -D FOREGROUND'
[Thu Sep 07 16:49:44.229705 2017] [mpm_prefork:notice] [pid 1] AH00169: caught SIGTERM, shutting down
AH00558: apache2: Could not reliably determine the server's fully qualified domain name, using 172.26.0.4. Set the 'ServerName' directive globally to suppress this message
[Wed Jul 18 15:19:26.372913 2018] [mpm_prefork:notice] [pid 1] AH00163: Apache/2.4.25 (Debian) PHP/7.2.7 configured -- resuming normal operations
[Wed Jul 18 15:19:26.373687 2018] [core:notice] [pid 1] AH00094: Command line: 'apache2 -D FOREGROUND'
